<?xml version="1.0" encoding="UTF-8"?>
<!-- Generated by org.testng.reporters.JUnitXMLReporter -->
<testsuite hostname="vipin-Aspire-4736Z" ignored="0" name="Default test" tests="4" failures="0" timestamp="16 Jan 2018 16:50:14 GMT" time="8.243" errors="0">
  <testcase name="getRequest" time="5.351" classname="Automation.FrameWork.RestAssuredTestCases"/>
  <testcase name="postRequest" time="0.78" classname="Automation.FrameWork.RestAssuredTestCases"/>
  <testcase name="postRequest1" time="1.349" classname="Automation.FrameWork.RestAssuredTestCases"/>
  <testcase name="postRequest2" time="0.688" classname="Automation.FrameWork.RestAssuredTestCases"/>
</testsuite> <!-- Default test -->
