<?xml version="1.0" encoding="UTF-8"?>
<testng-results skipped="0" failed="0" ignored="1" total="1" passed="0">
  <reporter-output>
  </reporter-output>
  <suite name="Automation.FrameWork.TestCase" duration-ms="9" started-at="2018-01-16T16:17:07Z" finished-at="2018-01-16T16:17:07Z">
    <groups>
    </groups>
    <test name="Command line test" duration-ms="9" started-at="2018-01-16T16:17:07Z" finished-at="2018-01-16T16:17:07Z">
    </test> <!-- Command line test -->
  </suite> <!-- Automation.FrameWork.TestCase -->
</testng-results>
