<?xml version="1.0" encoding="UTF-8"?>
<testng-results skipped="0" failed="0" ignored="0" total="4" passed="4">
  <reporter-output>
  </reporter-output>
  <suite name="Default suite" duration-ms="8243" started-at="2018-01-16T16:50:05Z" finished-at="2018-01-16T16:50:14Z">
    <groups>
    </groups>
    <test name="Default test" duration-ms="8243" started-at="2018-01-16T16:50:05Z" finished-at="2018-01-16T16:50:14Z">
      <class name="Automation.FrameWork.RestAssuredTestCases">
        <test-method status="PASS" signature="getRequest()[pri:0, instance:Automation.FrameWork.RestAssuredTestCases@19e13df]" name="getRequest" duration-ms="5351" started-at="2018-01-16T22:20:05Z" finished-at="2018-01-16T22:20:11Z">
          <reporter-output>
          </reporter-output>
        </test-method> <!-- getRequest -->
        <test-method status="PASS" signature="postRequest()[pri:0, instance:Automation.FrameWork.RestAssuredTestCases@19e13df]" name="postRequest" duration-ms="780" started-at="2018-01-16T22:20:11Z" finished-at="2018-01-16T22:20:12Z">
          <reporter-output>
          </reporter-output>
        </test-method> <!-- postRequest -->
        <test-method status="PASS" signature="postRequest1()[pri:0, instance:Automation.FrameWork.RestAssuredTestCases@19e13df]" name="postRequest1" duration-ms="1349" started-at="2018-01-16T22:20:12Z" finished-at="2018-01-16T22:20:13Z">
          <reporter-output>
          </reporter-output>
        </test-method> <!-- postRequest1 -->
        <test-method status="PASS" signature="postRequest2()[pri:0, instance:Automation.FrameWork.RestAssuredTestCases@19e13df]" name="postRequest2" duration-ms="688" started-at="2018-01-16T22:20:13Z" finished-at="2018-01-16T22:20:14Z">
          <reporter-output>
          </reporter-output>
        </test-method> <!-- postRequest2 -->
      </class> <!-- Automation.FrameWork.RestAssuredTestCases -->
    </test> <!-- Default test -->
  </suite> <!-- Default suite -->
</testng-results>
